This file contains any messages produced by compilers while
running configure, to aid debugging if configure makes a mistake.

It was created by psplash configure 0.1, which was
generated by GNU Autoconf 2.69.  Invocation command line was

  $ ./configure --prefix=/home/ufhsykg/Desktop/psplash/ --host=mips CC=/home/ufhsykg/ju/opt/gcc-4.9.3-64-gnu/bin/mips64el-linux-gcc

## --------- ##
## Platform. ##
## --------- ##

hostname = ubuntu
uname -m = x86_64
uname -r = 4.15.0-96-generic
uname -s = Linux
uname -v = #97~16.04.1-Ubuntu SMP Wed Apr 1 03:03:31 UTC 2020

/usr/bin/uname -p = unknown
/bin/uname -X     = unknown

/bin/arch              = unknown
/usr/bin/arch -k       = unknown
/usr/convex/getsysinfo = unknown
/usr/bin/hostinfo      = unknown
/bin/machine           = unknown
/usr/bin/oslevel       = unknown
/bin/universe          = unknown

PATH: /home/ufhsykg/bin
PATH: /home/ufhsykg/.local/bin
PATH: /usr/local/sbin
PATH: /usr/local/bin
PATH: /usr/sbin
PATH: /usr/bin
PATH: /sbin
PATH: /bin
PATH: /usr/games
PATH: /usr/local/games
PATH: /snap/bin


## ----------- ##
## Core tests. ##
## ----------- ##

configure:1977: checking for a BSD-compatible install
configure:2045: result: /usr/bin/install -c
configure:2056: checking whether build environment is sane
configure:2111: result: yes
configure:2170: checking for mips-strip
configure:2200: result: no
configure:2210: checking for strip
configure:2226: found /usr/bin/strip
configure:2237: result: strip
configure:2262: checking for a thread-safe mkdir -p
configure:2301: result: /bin/mkdir -p
configure:2308: checking for gawk
configure:2324: found /usr/bin/gawk
configure:2335: result: gawk
configure:2346: checking whether make sets $(MAKE)
configure:2368: result: yes
configure:2397: checking whether make supports nested variables
configure:2414: result: yes
configure:2556: checking for style of include used by make
configure:2584: result: GNU
configure:2615: checking for mips-gcc
configure:2642: result: /home/ufhsykg/ju/opt/gcc-4.9.3-64-gnu/bin/mips64el-linux-gcc
configure:2911: checking for C compiler version
configure:2920: /home/ufhsykg/ju/opt/gcc-4.9.3-64-gnu/bin/mips64el-linux-gcc --version >&5
mips64el-linux-gcc (GCC) 4.9.3 20150626 (Red Hat 4.9.3-2)
Copyright (C) 2015 Free Software Foundation, Inc.
This is free software; see the source for copying conditions.  There is NO
warranty; not even for MERCHANTABILITY or FITNESS FOR A PARTICULAR PURPOSE.

configure:2931: $? = 0
configure:2920: /home/ufhsykg/ju/opt/gcc-4.9.3-64-gnu/bin/mips64el-linux-gcc -v >&5
Using built-in specs.
COLLECT_GCC=/home/ufhsykg/ju/opt/gcc-4.9.3-64-gnu/bin/mips64el-linux-gcc
COLLECT_LTO_WRAPPER=/home/ufhsykg/ju/opt/gcc-4.9.3-64-gnu/bin/../libexec/gcc/mips64el-linux/4.9.3/lto-wrapper
Target: mips64el-linux
Configured with: ../gcc-loongson-4.9.3/configure --disable-werror --prefix=/opt/gcc-4.9.3-64-gnu/ --host=i486-pc-linux-gnu --build=i486-pc-linux-gnu --target=mips64el-linux --host=i486-pc-linux-gnu --with-sysroot=/opt/gcc-4.9.3-64-gnu//sysroot --with-abi=64 --enable-static --with-build-sysroot=/opt/gcc-4.9.3-64-gnu//sysroot --enable-poison-system-directories --with-arch=loongson3a --with-gmp=/opt/gcc-4.9.3-64-gnu/ --with-mpfr=/opt/gcc-4.9.3-64-gnu/ --with-mpc=/opt/gcc-4.9.3-64-gnu/ --with-cloog=/opt/gcc-4.9.3-64-gnu/ --disable-nls --enable-shared --disable-multilib --enable-__cxa_atexit --enable-c99 --enable-long-long --enable-threads=posix --enable-languages=c,c++,fortran
Thread model: posix
gcc version 4.9.3 20150626 (Red Hat 4.9.3-2) (GCC) 
configure:2931: $? = 0
configure:2920: /home/ufhsykg/ju/opt/gcc-4.9.3-64-gnu/bin/mips64el-linux-gcc -V >&5
mips64el-linux-gcc: error: unrecognized command line option '-V'
mips64el-linux-gcc: fatal error: no input files
compilation terminated.
configure:2931: $? = 1
configure:2920: /home/ufhsykg/ju/opt/gcc-4.9.3-64-gnu/bin/mips64el-linux-gcc -qversion >&5
mips64el-linux-gcc: error: unrecognized command line option '-qversion'
mips64el-linux-gcc: fatal error: no input files
compilation terminated.
configure:2931: $? = 1
configure:2951: checking whether the C compiler works
configure:2973: /home/ufhsykg/ju/opt/gcc-4.9.3-64-gnu/bin/mips64el-linux-gcc    conftest.c  >&5
configure:2977: $? = 0
configure:3025: result: yes
configure:3028: checking for C compiler default output file name
configure:3030: result: a.out
configure:3036: checking for suffix of executables
configure:3043: /home/ufhsykg/ju/opt/gcc-4.9.3-64-gnu/bin/mips64el-linux-gcc -o conftest    conftest.c  >&5
configure:3047: $? = 0
configure:3069: result: 
configure:3091: checking whether we are cross compiling
configure:3099: /home/ufhsykg/ju/opt/gcc-4.9.3-64-gnu/bin/mips64el-linux-gcc -o conftest    conftest.c  >&5
configure:3103: $? = 0
configure:3110: ./conftest
./configure: line 3112: ./conftest: cannot execute binary file: Exec format error
configure:3114: $? = 126
configure:3129: result: yes
configure:3134: checking for suffix of object files
configure:3156: /home/ufhsykg/ju/opt/gcc-4.9.3-64-gnu/bin/mips64el-linux-gcc -c   conftest.c >&5
configure:3160: $? = 0
configure:3181: result: o
configure:3185: checking whether we are using the GNU C compiler
configure:3204: /home/ufhsykg/ju/opt/gcc-4.9.3-64-gnu/bin/mips64el-linux-gcc -c   conftest.c >&5
configure:3204: $? = 0
configure:3213: result: yes
configure:3222: checking whether /home/ufhsykg/ju/opt/gcc-4.9.3-64-gnu/bin/mips64el-linux-gcc accepts -g
configure:3242: /home/ufhsykg/ju/opt/gcc-4.9.3-64-gnu/bin/mips64el-linux-gcc -c -g  conftest.c >&5
configure:3242: $? = 0
configure:3283: result: yes
configure:3300: checking for /home/ufhsykg/ju/opt/gcc-4.9.3-64-gnu/bin/mips64el-linux-gcc option to accept ISO C89
configure:3363: /home/ufhsykg/ju/opt/gcc-4.9.3-64-gnu/bin/mips64el-linux-gcc  -c -g -O2  conftest.c >&5
configure:3363: $? = 0
configure:3376: result: none needed
configure:3401: checking whether /home/ufhsykg/ju/opt/gcc-4.9.3-64-gnu/bin/mips64el-linux-gcc understands -c and -o together
configure:3423: /home/ufhsykg/ju/opt/gcc-4.9.3-64-gnu/bin/mips64el-linux-gcc -c conftest.c -o conftest2.o
configure:3426: $? = 0
configure:3423: /home/ufhsykg/ju/opt/gcc-4.9.3-64-gnu/bin/mips64el-linux-gcc -c conftest.c -o conftest2.o
configure:3426: $? = 0
configure:3438: result: yes
configure:3457: checking dependency style of /home/ufhsykg/ju/opt/gcc-4.9.3-64-gnu/bin/mips64el-linux-gcc
configure:3568: result: gcc3
configure:3584: checking for library containing strerror
configure:3615: /home/ufhsykg/ju/opt/gcc-4.9.3-64-gnu/bin/mips64el-linux-gcc -o conftest -g -O2   conftest.c  >&5
configure:3615: $? = 0
configure:3632: result: none required
configure:3648: checking for mips-gcc
configure:3675: result: /home/ufhsykg/ju/opt/gcc-4.9.3-64-gnu/bin/mips64el-linux-gcc
configure:3944: checking for C compiler version
configure:3953: /home/ufhsykg/ju/opt/gcc-4.9.3-64-gnu/bin/mips64el-linux-gcc --version >&5
mips64el-linux-gcc (GCC) 4.9.3 20150626 (Red Hat 4.9.3-2)
Copyright (C) 2015 Free Software Foundation, Inc.
This is free software; see the source for copying conditions.  There is NO
warranty; not even for MERCHANTABILITY or FITNESS FOR A PARTICULAR PURPOSE.

configure:3964: $? = 0
configure:3953: /home/ufhsykg/ju/opt/gcc-4.9.3-64-gnu/bin/mips64el-linux-gcc -v >&5
Using built-in specs.
COLLECT_GCC=/home/ufhsykg/ju/opt/gcc-4.9.3-64-gnu/bin/mips64el-linux-gcc
COLLECT_LTO_WRAPPER=/home/ufhsykg/ju/opt/gcc-4.9.3-64-gnu/bin/../libexec/gcc/mips64el-linux/4.9.3/lto-wrapper
Target: mips64el-linux
Configured with: ../gcc-loongson-4.9.3/configure --disable-werror --prefix=/opt/gcc-4.9.3-64-gnu/ --host=i486-pc-linux-gnu --build=i486-pc-linux-gnu --target=mips64el-linux --host=i486-pc-linux-gnu --with-sysroot=/opt/gcc-4.9.3-64-gnu//sysroot --with-abi=64 --enable-static --with-build-sysroot=/opt/gcc-4.9.3-64-gnu//sysroot --enable-poison-system-directories --with-arch=loongson3a --with-gmp=/opt/gcc-4.9.3-64-gnu/ --with-mpfr=/opt/gcc-4.9.3-64-gnu/ --with-mpc=/opt/gcc-4.9.3-64-gnu/ --with-cloog=/opt/gcc-4.9.3-64-gnu/ --disable-nls --enable-shared --disable-multilib --enable-__cxa_atexit --enable-c99 --enable-long-long --enable-threads=posix --enable-languages=c,c++,fortran
Thread model: posix
gcc version 4.9.3 20150626 (Red Hat 4.9.3-2) (GCC) 
configure:3964: $? = 0
configure:3953: /home/ufhsykg/ju/opt/gcc-4.9.3-64-gnu/bin/mips64el-linux-gcc -V >&5
mips64el-linux-gcc: error: unrecognized command line option '-V'
mips64el-linux-gcc: fatal error: no input files
compilation terminated.
configure:3964: $? = 1
configure:3953: /home/ufhsykg/ju/opt/gcc-4.9.3-64-gnu/bin/mips64el-linux-gcc -qversion >&5
mips64el-linux-gcc: error: unrecognized command line option '-qversion'
mips64el-linux-gcc: fatal error: no input files
compilation terminated.
configure:3964: $? = 1
configure:3968: checking whether we are using the GNU C compiler
configure:3996: result: yes
configure:4005: checking whether /home/ufhsykg/ju/opt/gcc-4.9.3-64-gnu/bin/mips64el-linux-gcc accepts -g
configure:4066: result: yes
configure:4083: checking for /home/ufhsykg/ju/opt/gcc-4.9.3-64-gnu/bin/mips64el-linux-gcc option to accept ISO C89
configure:4159: result: none needed
configure:4184: checking whether /home/ufhsykg/ju/opt/gcc-4.9.3-64-gnu/bin/mips64el-linux-gcc understands -c and -o together
configure:4221: result: yes
configure:4240: checking dependency style of /home/ufhsykg/ju/opt/gcc-4.9.3-64-gnu/bin/mips64el-linux-gcc
configure:4351: result: gcc3
configure:4371: checking how to run the C preprocessor
configure:4402: /home/ufhsykg/ju/opt/gcc-4.9.3-64-gnu/bin/mips64el-linux-gcc -E  conftest.c
configure:4402: $? = 0
configure:4416: /home/ufhsykg/ju/opt/gcc-4.9.3-64-gnu/bin/mips64el-linux-gcc -E  conftest.c
conftest.c:11:28: fatal error: ac_nonexistent.h: No such file or directory
 #include <ac_nonexistent.h>
                            ^
compilation terminated.
configure:4416: $? = 1
configure: failed program was:
| /* confdefs.h */
| #define PACKAGE_NAME "psplash"
| #define PACKAGE_TARNAME "psplash"
| #define PACKAGE_VERSION "0.1"
| #define PACKAGE_STRING "psplash 0.1"
| #define PACKAGE_BUGREPORT "http://bugzilla.o-hand.com/enter_bug.cgi?product=psplash"
| #define PACKAGE_URL ""
| #define PACKAGE "psplash"
| #define VERSION "0.1"
| /* end confdefs.h.  */
| #include <ac_nonexistent.h>
configure:4441: result: /home/ufhsykg/ju/opt/gcc-4.9.3-64-gnu/bin/mips64el-linux-gcc -E
configure:4461: /home/ufhsykg/ju/opt/gcc-4.9.3-64-gnu/bin/mips64el-linux-gcc -E  conftest.c
configure:4461: $? = 0
configure:4475: /home/ufhsykg/ju/opt/gcc-4.9.3-64-gnu/bin/mips64el-linux-gcc -E  conftest.c
conftest.c:11:28: fatal error: ac_nonexistent.h: No such file or directory
 #include <ac_nonexistent.h>
                            ^
compilation terminated.
configure:4475: $? = 1
configure: failed program was:
| /* confdefs.h */
| #define PACKAGE_NAME "psplash"
| #define PACKAGE_TARNAME "psplash"
| #define PACKAGE_VERSION "0.1"
| #define PACKAGE_STRING "psplash 0.1"
| #define PACKAGE_BUGREPORT "http://bugzilla.o-hand.com/enter_bug.cgi?product=psplash"
| #define PACKAGE_URL ""
| #define PACKAGE "psplash"
| #define VERSION "0.1"
| /* end confdefs.h.  */
| #include <ac_nonexistent.h>
configure:4504: checking for grep that handles long lines and -e
configure:4562: result: /bin/grep
configure:4567: checking for egrep
configure:4629: result: /bin/grep -E
configure:4634: checking for ANSI C header files
configure:4654: /home/ufhsykg/ju/opt/gcc-4.9.3-64-gnu/bin/mips64el-linux-gcc -c -g -O2  conftest.c >&5
configure:4654: $? = 0
configure:4738: result: yes
configure:4863: checking that generated files are newer than configure
configure:4869: result: done
configure:4896: creating ./config.status

## ---------------------- ##
## Running config.status. ##
## ---------------------- ##

This file was extended by psplash config.status 0.1, which was
generated by GNU Autoconf 2.69.  Invocation command line was

  CONFIG_FILES    = 
  CONFIG_HEADERS  = 
  CONFIG_LINKS    = 
  CONFIG_COMMANDS = 
  $ ./config.status 

on ubuntu

config.status:845: creating Makefile
config.status:845: creating config.h
config.status:1026: config.h is unchanged
config.status:1074: executing depfiles commands

## ---------------- ##
## Cache variables. ##
## ---------------- ##

ac_cv_c_compiler_gnu=yes
ac_cv_env_CC_set=set
ac_cv_env_CC_value=/home/ufhsykg/ju/opt/gcc-4.9.3-64-gnu/bin/mips64el-linux-gcc
ac_cv_env_CFLAGS_set=
ac_cv_env_CFLAGS_value=
ac_cv_env_CPPFLAGS_set=
ac_cv_env_CPPFLAGS_value=
ac_cv_env_CPP_set=
ac_cv_env_CPP_value=
ac_cv_env_LDFLAGS_set=
ac_cv_env_LDFLAGS_value=
ac_cv_env_LIBS_set=
ac_cv_env_LIBS_value=
ac_cv_env_build_alias_set=
ac_cv_env_build_alias_value=
ac_cv_env_host_alias_set=set
ac_cv_env_host_alias_value=mips
ac_cv_env_target_alias_set=
ac_cv_env_target_alias_value=
ac_cv_header_stdc=yes
ac_cv_objext=o
ac_cv_path_EGREP='/bin/grep -E'
ac_cv_path_GREP=/bin/grep
ac_cv_path_install='/usr/bin/install -c'
ac_cv_path_mkdir=/bin/mkdir
ac_cv_prog_AWK=gawk
ac_cv_prog_CC=/home/ufhsykg/ju/opt/gcc-4.9.3-64-gnu/bin/mips64el-linux-gcc
ac_cv_prog_CPP='/home/ufhsykg/ju/opt/gcc-4.9.3-64-gnu/bin/mips64el-linux-gcc -E'
ac_cv_prog_ac_ct_STRIP=strip
ac_cv_prog_cc_c89=
ac_cv_prog_cc_g=yes
ac_cv_prog_make_make_set=yes
ac_cv_search_strerror='none required'
am_cv_CC_dependencies_compiler_type=gcc3
am_cv_make_support_nested_variables=yes
am_cv_prog_cc_c_o=yes

## ----------------- ##
## Output variables. ##
## ----------------- ##

ACLOCAL='${SHELL} /home/ufhsykg/Desktop/psplash/missing aclocal-1.15'
AMDEPBACKSLASH='\'
AMDEP_FALSE='#'
AMDEP_TRUE=''
AMTAR='$${TAR-tar}'
AM_BACKSLASH='\'
AM_DEFAULT_V='$(AM_DEFAULT_VERBOSITY)'
AM_DEFAULT_VERBOSITY='1'
AM_V='$(V)'
AUTOCONF='${SHELL} /home/ufhsykg/Desktop/psplash/missing autoconf'
AUTOHEADER='${SHELL} /home/ufhsykg/Desktop/psplash/missing autoheader'
AUTOMAKE='${SHELL} /home/ufhsykg/Desktop/psplash/missing automake-1.15'
AWK='gawk'
CC='/home/ufhsykg/ju/opt/gcc-4.9.3-64-gnu/bin/mips64el-linux-gcc'
CCDEPMODE='depmode=gcc3'
CFLAGS='-g -O2'
CPP='/home/ufhsykg/ju/opt/gcc-4.9.3-64-gnu/bin/mips64el-linux-gcc -E'
CPPFLAGS=''
CYGPATH_W='echo'
DEFS='-DHAVE_CONFIG_H'
DEPDIR='.deps'
ECHO_C=''
ECHO_N='-n'
ECHO_T=''
EGREP='/bin/grep -E'
EXEEXT=''
GCC_FLAGS='-g -Wall -Wextra'
GREP='/bin/grep'
INSTALL_DATA='${INSTALL} -m 644'
INSTALL_PROGRAM='${INSTALL}'
INSTALL_SCRIPT='${INSTALL}'
INSTALL_STRIP_PROGRAM='$(install_sh) -c -s'
LDFLAGS=''
LIBOBJS=''
LIBS=''
LTLIBOBJS=''
MAKEINFO='${SHELL} /home/ufhsykg/Desktop/psplash/missing makeinfo'
MKDIR_P='/bin/mkdir -p'
OBJEXT='o'
PACKAGE='psplash'
PACKAGE_BUGREPORT='http://bugzilla.o-hand.com/enter_bug.cgi?product=psplash'
PACKAGE_NAME='psplash'
PACKAGE_STRING='psplash 0.1'
PACKAGE_TARNAME='psplash'
PACKAGE_URL=''
PACKAGE_VERSION='0.1'
PATH_SEPARATOR=':'
SET_MAKE=''
SHELL='/bin/bash'
STRIP='strip'
VERSION='0.1'
ac_ct_CC=''
am__EXEEXT_FALSE=''
am__EXEEXT_TRUE='#'
am__fastdepCC_FALSE='#'
am__fastdepCC_TRUE=''
am__include='include'
am__isrc=''
am__leading_dot='.'
am__nodep='_no'
am__quote=''
am__tar='$${TAR-tar} chof - "$$tardir"'
am__untar='$${TAR-tar} xf -'
bindir='${exec_prefix}/bin'
build_alias=''
datadir='${datarootdir}'
datarootdir='${prefix}/share'
docdir='${datarootdir}/doc/${PACKAGE_TARNAME}'
dvidir='${docdir}'
exec_prefix='${prefix}'
host_alias='mips'
htmldir='${docdir}'
includedir='${prefix}/include'
infodir='${datarootdir}/info'
install_sh='${SHELL} /home/ufhsykg/Desktop/psplash/install-sh'
libdir='${exec_prefix}/lib'
libexecdir='${exec_prefix}/libexec'
localedir='${datarootdir}/locale'
localstatedir='${prefix}/var'
mandir='${datarootdir}/man'
mkdir_p='$(MKDIR_P)'
oldincludedir='/usr/include'
pdfdir='${docdir}'
prefix='/home/ufhsykg/Desktop/psplash'
program_transform_name='s,x,x,'
psdir='${docdir}'
runstatedir='${localstatedir}/run'
sbindir='${exec_prefix}/sbin'
sharedstatedir='${prefix}/com'
sysconfdir='${prefix}/etc'
target_alias=''

## ----------- ##
## confdefs.h. ##
## ----------- ##

/* confdefs.h */
#define PACKAGE_NAME "psplash"
#define PACKAGE_TARNAME "psplash"
#define PACKAGE_VERSION "0.1"
#define PACKAGE_STRING "psplash 0.1"
#define PACKAGE_BUGREPORT "http://bugzilla.o-hand.com/enter_bug.cgi?product=psplash"
#define PACKAGE_URL ""
#define PACKAGE "psplash"
#define VERSION "0.1"
#define STDC_HEADERS 1

configure: exit 0

## ---------------------- ##
## Running config.status. ##
## ---------------------- ##

This file was extended by psplash config.status 0.1, which was
generated by GNU Autoconf 2.69.  Invocation command line was

  CONFIG_FILES    = 
  CONFIG_HEADERS  = 
  CONFIG_LINKS    = 
  CONFIG_COMMANDS = 
  $ ./config.status config.h

on ubuntu

config.status:845: creating config.h
config.status:1026: config.h is unchanged
